0 info it worked if it ends with ok
1 verbose cli [ 'C:\\Program Files\\nodejs\\\\node.exe',
1 verbose cli   'C:\\Program Files\\nodejs\\node_modules\\npm\\bin\\npm-cli.js',
1 verbose cli   'install' ]
2 info using npm@1.4.28
3 info using node@v0.10.33
4 verbose node symlink C:\Program Files\nodejs\\node.exe
5 warn package.json client@0.0.0 No description
6 warn package.json client@0.0.0 No repository field.
7 warn package.json client@0.0.0 No README data
8 verbose readDependencies using package.json deps
9 verbose install where, deps [ 'C:\\Users\\Tyler\\Workspace\\gu_energy_dashboard\\client',
9 verbose install   [ 'grunt',
9 verbose install     'grunt-autoprefixer',
9 verbose install     'grunt-concurrent',
9 verbose install     'grunt-contrib-clean',
9 verbose install     'grunt-contrib-compass',
9 verbose install     'grunt-contrib-concat',
9 verbose install     'grunt-contrib-connect',
9 verbose install     'grunt-contrib-copy',
9 verbose install     'grunt-contrib-cssmin',
9 verbose install     'grunt-contrib-htmlmin',
9 verbose install     'grunt-contrib-imagemin',
9 verbose install     'grunt-contrib-jshint',
9 verbose install     'grunt-contrib-uglify',
9 verbose install     'grunt-contrib-watch',
9 verbose install     'grunt-filerev',
9 verbose install     'grunt-google-cdn',
9 verbose install     'grunt-newer',
9 verbose install     'grunt-ng-annotate',
9 verbose install     'grunt-svgmin',
9 verbose install     'grunt-usemin',
9 verbose install     'grunt-wiredep',
9 verbose install     'grunt-karma',
9 verbose install     'jshint-stylish',
9 verbose install     'load-grunt-tasks',
9 verbose install     'time-grunt',
9 verbose install     'imagemin',
9 verbose install     'imagemin-gifsicle',
9 verbose install     'imagemin-jpegtran',
9 verbose install     'imagemin-optipng',
9 verbose install     'imagemin-pngquant',
9 verbose install     'karma-chrome-launcher',
9 verbose install     'karma-jasmine',
9 verbose install     'karma',
9 verbose install     'karma-story-reporter' ] ]
10 info preinstall client@0.0.0
11 verbose readDependencies using package.json deps
12 verbose already installed skipping grunt-newer@^0.7.0 C:\Users\Tyler\Workspace\gu_energy_dashboard\client
13 verbose already installed skipping grunt-ng-annotate@^0.3.0 C:\Users\Tyler\Workspace\gu_energy_dashboard\client
14 verbose already installed skipping grunt-svgmin@^0.4.0 C:\Users\Tyler\Workspace\gu_energy_dashboard\client
15 verbose already installed skipping grunt-usemin@^2.1.1 C:\Users\Tyler\Workspace\gu_energy_dashboard\client
16 verbose already installed skipping grunt-wiredep@^1.7.0 C:\Users\Tyler\Workspace\gu_energy_dashboard\client
17 verbose already installed skipping grunt-karma@0.10.1 C:\Users\Tyler\Workspace\gu_energy_dashboard\client
18 verbose already installed skipping jshint-stylish@^0.2.0 C:\Users\Tyler\Workspace\gu_energy_dashboard\client
19 verbose already installed skipping load-grunt-tasks@^0.4.0 C:\Users\Tyler\Workspace\gu_energy_dashboard\client
20 verbose already installed skipping time-grunt@^0.3.1 C:\Users\Tyler\Workspace\gu_energy_dashboard\client
21 verbose already installed skipping imagemin@^3.1.0 C:\Users\Tyler\Workspace\gu_energy_dashboard\client
22 verbose already installed skipping imagemin-gifsicle@^4.0.0 C:\Users\Tyler\Workspace\gu_energy_dashboard\client
23 verbose already installed skipping imagemin-jpegtran@^4.0.0 C:\Users\Tyler\Workspace\gu_energy_dashboard\client
24 verbose already installed skipping imagemin-optipng@^4.0.0 C:\Users\Tyler\Workspace\gu_energy_dashboard\client
25 verbose already installed skipping imagemin-pngquant@^4.0.0 C:\Users\Tyler\Workspace\gu_energy_dashboard\client
26 verbose already installed skipping karma-chrome-launcher@^0.1.2 C:\Users\Tyler\Workspace\gu_energy_dashboard\client
27 verbose already installed skipping karma-jasmine@^0.3.5 C:\Users\Tyler\Workspace\gu_energy_dashboard\client
28 verbose already installed skipping karma@^0.12.31 C:\Users\Tyler\Workspace\gu_energy_dashboard\client
29 verbose already installed skipping karma-story-reporter@^0.3.1 C:\Users\Tyler\Workspace\gu_energy_dashboard\client
30 verbose already installed skipping grunt@^0.4.1 C:\Users\Tyler\Workspace\gu_energy_dashboard\client
31 verbose cache add [ 'grunt-autoprefixer@^2.2.3', null ]
32 verbose cache add name=undefined spec="grunt-autoprefixer@^2.2.3" args=["grunt-autoprefixer@^2.2.3",null]
33 verbose parsed url { protocol: null,
33 verbose parsed url   slashes: null,
33 verbose parsed url   auth: null,
33 verbose parsed url   host: null,
33 verbose parsed url   port: null,
33 verbose parsed url   hostname: null,
33 verbose parsed url   hash: null,
33 verbose parsed url   search: null,
33 verbose parsed url   query: null,
33 verbose parsed url   pathname: 'grunt-autoprefixer@^2.2.3',
33 verbose parsed url   path: 'grunt-autoprefixer@^2.2.3',
33 verbose parsed url   href: 'grunt-autoprefixer@^2.2.3' }
34 verbose cache add [ 'grunt-concurrent@^1.0.0', null ]
35 verbose cache add name=undefined spec="grunt-concurrent@^1.0.0" args=["grunt-concurrent@^1.0.0",null]
36 verbose parsed url { protocol: null,
36 verbose parsed url   slashes: null,
36 verbose parsed url   auth: null,
36 verbose parsed url   host: null,
36 verbose parsed url   port: null,
36 verbose parsed url   hostname: null,
36 verbose parsed url   hash: null,
36 verbose parsed url   search: null,
36 verbose parsed url   query: null,
36 verbose parsed url   pathname: 'grunt-concurrent@^1.0.0',
36 verbose parsed url   path: 'grunt-concurrent@^1.0.0',
36 verbose parsed url   href: 'grunt-concurrent@^1.0.0' }
37 verbose cache add [ 'grunt-contrib-clean@^0.6.0', null ]
38 verbose cache add name=undefined spec="grunt-contrib-clean@^0.6.0" args=["grunt-contrib-clean@^0.6.0",null]
39 verbose parsed url { protocol: null,
39 verbose parsed url   slashes: null,
39 verbose parsed url   auth: null,
39 verbose parsed url   host: null,
39 verbose parsed url   port: null,
39 verbose parsed url   hostname: null,
39 verbose parsed url   hash: null,
39 verbose parsed url   search: null,
39 verbose parsed url   query: null,
39 verbose parsed url   pathname: 'grunt-contrib-clean@^0.6.0',
39 verbose parsed url   path: 'grunt-contrib-clean@^0.6.0',
39 verbose parsed url   href: 'grunt-contrib-clean@^0.6.0' }
40 verbose cache add [ 'grunt-contrib-compass@^1.0.1', null ]
41 verbose cache add name=undefined spec="grunt-contrib-compass@^1.0.1" args=["grunt-contrib-compass@^1.0.1",null]
42 verbose parsed url { protocol: null,
42 verbose parsed url   slashes: null,
42 verbose parsed url   auth: null,
42 verbose parsed url   host: null,
42 verbose parsed url   port: null,
42 verbose parsed url   hostname: null,
42 verbose parsed url   hash: null,
42 verbose parsed url   search: null,
42 verbose parsed url   query: null,
42 verbose parsed url   pathname: 'grunt-contrib-compass@^1.0.1',
42 verbose parsed url   path: 'grunt-contrib-compass@^1.0.1',
42 verbose parsed url   href: 'grunt-contrib-compass@^1.0.1' }
43 verbose already installed skipping grunt-contrib-concat@^0.4.0 C:\Users\Tyler\Workspace\gu_energy_dashboard\client
44 verbose already installed skipping grunt-contrib-connect@^0.7.1 C:\Users\Tyler\Workspace\gu_energy_dashboard\client
45 verbose already installed skipping grunt-contrib-copy@^0.5.0 C:\Users\Tyler\Workspace\gu_energy_dashboard\client
46 verbose already installed skipping grunt-contrib-cssmin@^0.9.0 C:\Users\Tyler\Workspace\gu_energy_dashboard\client
47 verbose already installed skipping grunt-contrib-htmlmin@^0.3.0 C:\Users\Tyler\Workspace\gu_energy_dashboard\client
48 verbose already installed skipping grunt-contrib-imagemin@^0.8.1 C:\Users\Tyler\Workspace\gu_energy_dashboard\client
49 verbose already installed skipping grunt-contrib-jshint@^0.10.0 C:\Users\Tyler\Workspace\gu_energy_dashboard\client
50 verbose already installed skipping grunt-contrib-uglify@^0.4.0 C:\Users\Tyler\Workspace\gu_energy_dashboard\client
51 verbose already installed skipping grunt-contrib-watch@^0.6.1 C:\Users\Tyler\Workspace\gu_energy_dashboard\client
52 verbose cache add name="grunt-autoprefixer" spec="^2.2.3" args=["grunt-autoprefixer","^2.2.3"]
53 verbose parsed url { protocol: null,
53 verbose parsed url   slashes: null,
53 verbose parsed url   auth: null,
53 verbose parsed url   host: null,
53 verbose parsed url   port: null,
53 verbose parsed url   hostname: null,
53 verbose parsed url   hash: null,
53 verbose parsed url   search: null,
53 verbose parsed url   query: null,
53 verbose parsed url   pathname: '^2.2.3',
53 verbose parsed url   path: '^2.2.3',
53 verbose parsed url   href: '^2.2.3' }
54 verbose addNamed [ 'grunt-autoprefixer', '^2.2.3' ]
55 verbose addNamed [ null, '>=2.2.3-0 <3.0.0-0' ]
56 verbose cache add name="grunt-concurrent" spec="^1.0.0" args=["grunt-concurrent","^1.0.0"]
57 verbose parsed url { protocol: null,
57 verbose parsed url   slashes: null,
57 verbose parsed url   auth: null,
57 verbose parsed url   host: null,
57 verbose parsed url   port: null,
57 verbose parsed url   hostname: null,
57 verbose parsed url   hash: null,
57 verbose parsed url   search: null,
57 verbose parsed url   query: null,
57 verbose parsed url   pathname: '^1.0.0',
57 verbose parsed url   path: '^1.0.0',
57 verbose parsed url   href: '^1.0.0' }
58 verbose addNamed [ 'grunt-concurrent', '^1.0.0' ]
59 verbose addNamed [ null, '>=1.0.0-0 <2.0.0-0' ]
60 verbose cache add name="grunt-contrib-clean" spec="^0.6.0" args=["grunt-contrib-clean","^0.6.0"]
61 verbose parsed url { protocol: null,
61 verbose parsed url   slashes: null,
61 verbose parsed url   auth: null,
61 verbose parsed url   host: null,
61 verbose parsed url   port: null,
61 verbose parsed url   hostname: null,
61 verbose parsed url   hash: null,
61 verbose parsed url   search: null,
61 verbose parsed url   query: null,
61 verbose parsed url   pathname: '^0.6.0',
61 verbose parsed url   path: '^0.6.0',
61 verbose parsed url   href: '^0.6.0' }
62 verbose addNamed [ 'grunt-contrib-clean', '^0.6.0' ]
63 verbose addNamed [ null, '>=0.6.0-0 <0.7.0-0' ]
64 verbose cache add name="grunt-contrib-compass" spec="^1.0.1" args=["grunt-contrib-compass","^1.0.1"]
65 verbose parsed url { protocol: null,
65 verbose parsed url   slashes: null,
65 verbose parsed url   auth: null,
65 verbose parsed url   host: null,
65 verbose parsed url   port: null,
65 verbose parsed url   hostname: null,
65 verbose parsed url   hash: null,
65 verbose parsed url   search: null,
65 verbose parsed url   query: null,
65 verbose parsed url   pathname: '^1.0.1',
65 verbose parsed url   path: '^1.0.1',
65 verbose parsed url   href: '^1.0.1' }
66 verbose addNamed [ 'grunt-contrib-compass', '^1.0.1' ]
67 verbose addNamed [ null, '>=1.0.1-0 <2.0.0-0' ]
68 verbose already installed skipping grunt-filerev@^0.2.1 C:\Users\Tyler\Workspace\gu_energy_dashboard\client
69 verbose already installed skipping grunt-google-cdn@^0.4.0 C:\Users\Tyler\Workspace\gu_energy_dashboard\client
70 silly lockFile c1d1e518-grunt-autoprefixer-2-2-3 grunt-autoprefixer@^2.2.3
71 verbose lock grunt-autoprefixer@^2.2.3 C:\Users\Tyler\AppData\Roaming\npm-cache\c1d1e518-grunt-autoprefixer-2-2-3.lock
72 silly lockFile e5d6a4fb-grunt-concurrent-1-0-0 grunt-concurrent@^1.0.0
73 verbose lock grunt-concurrent@^1.0.0 C:\Users\Tyler\AppData\Roaming\npm-cache\e5d6a4fb-grunt-concurrent-1-0-0.lock
74 silly lockFile ca39a60f-grunt-contrib-clean-0-6-0 grunt-contrib-clean@^0.6.0
75 verbose lock grunt-contrib-clean@^0.6.0 C:\Users\Tyler\AppData\Roaming\npm-cache\ca39a60f-grunt-contrib-clean-0-6-0.lock
76 silly lockFile 18371fbf-grunt-contrib-compass-1-0-1 grunt-contrib-compass@^1.0.1
77 verbose lock grunt-contrib-compass@^1.0.1 C:\Users\Tyler\AppData\Roaming\npm-cache\18371fbf-grunt-contrib-compass-1-0-1.lock
78 silly addNameRange { name: 'grunt-autoprefixer',
78 silly addNameRange   range: '>=2.2.3-0 <3.0.0-0',
78 silly addNameRange   hasData: false }
79 silly addNameRange { name: 'grunt-contrib-compass',
79 silly addNameRange   range: '>=1.0.1-0 <2.0.0-0',
79 silly addNameRange   hasData: false }
80 silly addNameRange { name: 'grunt-concurrent',
80 silly addNameRange   range: '>=1.0.0-0 <2.0.0-0',
80 silly addNameRange   hasData: false }
81 silly addNameRange { name: 'grunt-contrib-clean',
81 silly addNameRange   range: '>=0.6.0-0 <0.7.0-0',
81 silly addNameRange   hasData: false }
82 verbose request where is /grunt-autoprefixer
83 verbose request registry https://registry.npmjs.org/
84 verbose request id 457d5d4765f0621b
85 verbose url raw /grunt-autoprefixer
86 verbose url resolving [ 'https://registry.npmjs.org/', './grunt-autoprefixer' ]
87 verbose url resolved https://registry.npmjs.org/grunt-autoprefixer
88 verbose request where is https://registry.npmjs.org/grunt-autoprefixer
89 info trying registry request attempt 1 at 00:28:36
90 http GET https://registry.npmjs.org/grunt-autoprefixer
91 verbose request where is /grunt-contrib-compass
92 verbose request registry https://registry.npmjs.org/
93 verbose url raw /grunt-contrib-compass
94 verbose url resolving [ 'https://registry.npmjs.org/', './grunt-contrib-compass' ]
95 verbose url resolved https://registry.npmjs.org/grunt-contrib-compass
96 verbose request where is https://registry.npmjs.org/grunt-contrib-compass
97 info trying registry request attempt 1 at 00:28:36
98 http GET https://registry.npmjs.org/grunt-contrib-compass
99 verbose request where is /grunt-contrib-clean
100 verbose request registry https://registry.npmjs.org/
101 verbose url raw /grunt-contrib-clean
102 verbose url resolving [ 'https://registry.npmjs.org/', './grunt-contrib-clean' ]
103 verbose url resolved https://registry.npmjs.org/grunt-contrib-clean
104 verbose request where is https://registry.npmjs.org/grunt-contrib-clean
105 info trying registry request attempt 1 at 00:28:36
106 http GET https://registry.npmjs.org/grunt-contrib-clean
107 verbose request where is /grunt-concurrent
108 verbose request registry https://registry.npmjs.org/
109 verbose url raw /grunt-concurrent
110 verbose url resolving [ 'https://registry.npmjs.org/', './grunt-concurrent' ]
111 verbose url resolved https://registry.npmjs.org/grunt-concurrent
112 verbose request where is https://registry.npmjs.org/grunt-concurrent
113 info trying registry request attempt 1 at 00:28:36
114 http GET https://registry.npmjs.org/grunt-concurrent
115 http 200 https://registry.npmjs.org/grunt-contrib-compass
116 silly registry.get cb [ 200,
116 silly registry.get   { date: 'Mon, 26 Jan 2015 08:28:37 GMT',
116 silly registry.get     server: 'CouchDB/1.5.0 (Erlang OTP/R16B03)',
116 silly registry.get     etag: '"6MEH2O18I8VUTX7JGSA0DX6QL"',
116 silly registry.get     'content-type': 'application/json',
116 silly registry.get     'cache-control': 'max-age=60',
116 silly registry.get     'content-length': '46602',
116 silly registry.get     'accept-ranges': 'bytes',
116 silly registry.get     via: '1.1 varnish',
116 silly registry.get     age: '0',
116 silly registry.get     'x-served-by': 'cache-sjc3135-SJC',
116 silly registry.get     'x-cache': 'HIT',
116 silly registry.get     'x-cache-hits': '1',
116 silly registry.get     'x-timer': 'S1422260917.163898,VS0,VE32',
116 silly registry.get     vary: 'Accept',
116 silly registry.get     'keep-alive': 'timeout=10, max=50',
116 silly registry.get     connection: 'Keep-Alive' } ]
117 silly addNameRange number 2 { name: 'grunt-contrib-compass',
117 silly addNameRange   range: '>=1.0.1-0 <2.0.0-0',
117 silly addNameRange   hasData: true }
118 silly addNameRange versions [ 'grunt-contrib-compass',
118 silly addNameRange   [ '0.1.0',
118 silly addNameRange     '0.1.1',
118 silly addNameRange     '0.1.2',
118 silly addNameRange     '0.1.3',
118 silly addNameRange     '0.2.0',
118 silly addNameRange     '0.3.0',
118 silly addNameRange     '0.4.0',
118 silly addNameRange     '0.4.1',
118 silly addNameRange     '0.5.0',
118 silly addNameRange     '0.6.0',
118 silly addNameRange     '0.7.0',
118 silly addNameRange     '0.1.1-rc7',
118 silly addNameRange     '0.1.1-rc8',
118 silly addNameRange     '0.7.1',
118 silly addNameRange     '0.7.2',
118 silly addNameRange     '0.8.0',
118 silly addNameRange     '0.9.0',
118 silly addNameRange     '0.9.1',
118 silly addNameRange     '1.0.0',
118 silly addNameRange     '1.0.1' ] ]
119 verbose addNamed [ 'grunt-contrib-compass', '1.0.1' ]
120 verbose addNamed [ '1.0.1', '1.0.1' ]
121 silly lockFile bc13c7dc-grunt-contrib-compass-1-0-1 grunt-contrib-compass@1.0.1
122 verbose lock grunt-contrib-compass@1.0.1 C:\Users\Tyler\AppData\Roaming\npm-cache\bc13c7dc-grunt-contrib-compass-1-0-1.lock
123 silly lockFile a0bdebd4--grunt-contrib-compass-1-0-1-tgz https://registry.npmjs.org/grunt-contrib-compass/-/grunt-contrib-compass-1.0.1.tgz
124 verbose lock https://registry.npmjs.org/grunt-contrib-compass/-/grunt-contrib-compass-1.0.1.tgz C:\Users\Tyler\AppData\Roaming\npm-cache\a0bdebd4--grunt-contrib-compass-1-0-1-tgz.lock
125 verbose addRemoteTarball [ 'https://registry.npmjs.org/grunt-contrib-compass/-/grunt-contrib-compass-1.0.1.tgz',
125 verbose addRemoteTarball   '8eb5dd93921aa4257a45064bbabe5745abfcae73' ]
126 http 200 https://registry.npmjs.org/grunt-autoprefixer
127 silly registry.get cb [ 200,
127 silly registry.get   { date: 'Mon, 26 Jan 2015 08:28:37 GMT',
127 silly registry.get     server: 'CouchDB/1.5.0 (Erlang OTP/R16B03)',
127 silly registry.get     etag: '"AOEVRK2PSZHAF0996R9Q9X8BA"',
127 silly registry.get     'content-type': 'application/json',
127 silly registry.get     'cache-control': 'max-age=60',
127 silly registry.get     'content-length': '57705',
127 silly registry.get     'accept-ranges': 'bytes',
127 silly registry.get     via: '1.1 varnish',
127 silly registry.get     age: '0',
127 silly registry.get     'x-served-by': 'cache-sjc3125-SJC',
127 silly registry.get     'x-cache': 'HIT',
127 silly registry.get     'x-cache-hits': '1',
127 silly registry.get     'x-timer': 'S1422260917.171916,VS0,VE84',
127 silly registry.get     vary: 'Accept',
127 silly registry.get     'keep-alive': 'timeout=10, max=50',
127 silly registry.get     connection: 'Keep-Alive' } ]
128 http 200 https://registry.npmjs.org/grunt-concurrent
129 silly registry.get cb [ 200,
129 silly registry.get   { date: 'Mon, 26 Jan 2015 08:28:37 GMT',
129 silly registry.get     server: 'CouchDB/1.5.0 (Erlang OTP/R16B03)',
129 silly registry.get     etag: '"8MRN3O7NTK5MLRHOX39YY7OUR"',
129 silly registry.get     'content-type': 'application/json',
129 silly registry.get     'cache-control': 'max-age=60',
129 silly registry.get     'content-length': '16985',
129 silly registry.get     'accept-ranges': 'bytes',
129 silly registry.get     via: '1.1 varnish',
129 silly registry.get     age: '0',
129 silly registry.get     'x-served-by': 'cache-sjc3127-SJC',
129 silly registry.get     'x-cache': 'HIT',
129 silly registry.get     'x-cache-hits': '1',
129 silly registry.get     'x-timer': 'S1422260917.167622,VS0,VE151',
129 silly registry.get     vary: 'Accept',
129 silly registry.get     'keep-alive': 'timeout=10, max=50',
129 silly registry.get     connection: 'Keep-Alive' } ]
130 http 200 https://registry.npmjs.org/grunt-contrib-clean
131 silly registry.get cb [ 200,
131 silly registry.get   { date: 'Mon, 26 Jan 2015 08:28:37 GMT',
131 silly registry.get     server: 'CouchDB/1.5.0 (Erlang OTP/R16B03)',
131 silly registry.get     etag: '"7DWLKGLXN0RS875O5R1CBQX1U"',
131 silly registry.get     'content-type': 'application/json',
131 silly registry.get     'cache-control': 'max-age=60',
131 silly registry.get     'content-length': '23539',
131 silly registry.get     'accept-ranges': 'bytes',
131 silly registry.get     via: '1.1 varnish',
131 silly registry.get     age: '0',
131 silly registry.get     'x-served-by': 'cache-sjc3132-SJC',
131 silly registry.get     'x-cache': 'HIT',
131 silly registry.get     'x-cache-hits': '1',
131 silly registry.get     'x-timer': 'S1422260917.169804,VS0,VE149',
131 silly registry.get     vary: 'Accept',
131 silly registry.get     'keep-alive': 'timeout=10, max=50',
131 silly registry.get     connection: 'Keep-Alive' } ]
132 silly addNameRange number 2 { name: 'grunt-concurrent',
132 silly addNameRange   range: '>=1.0.0-0 <2.0.0-0',
132 silly addNameRange   hasData: true }
133 silly addNameRange versions [ 'grunt-concurrent',
133 silly addNameRange   [ '0.1.0',
133 silly addNameRange     '0.1.1',
133 silly addNameRange     '0.2.0',
133 silly addNameRange     '0.3.0',
133 silly addNameRange     '0.3.1',
133 silly addNameRange     '0.4.0',
133 silly addNameRange     '0.4.1',
133 silly addNameRange     '0.4.2',
133 silly addNameRange     '0.4.3',
133 silly addNameRange     '0.5.0',
133 silly addNameRange     '1.0.0' ] ]
134 verbose addNamed [ 'grunt-concurrent', '1.0.0' ]
135 verbose addNamed [ '1.0.0', '1.0.0' ]
136 silly lockFile 1e3f43e3-grunt-concurrent-1-0-0 grunt-concurrent@1.0.0
137 verbose lock grunt-concurrent@1.0.0 C:\Users\Tyler\AppData\Roaming\npm-cache\1e3f43e3-grunt-concurrent-1-0-0.lock
138 silly addNameRange number 2 { name: 'grunt-autoprefixer',
138 silly addNameRange   range: '>=2.2.3-0 <3.0.0-0',
138 silly addNameRange   hasData: true }
139 silly addNameRange versions [ 'grunt-autoprefixer',
139 silly addNameRange   [ '0.1.0',
139 silly addNameRange     '0.1.20130424',
139 silly addNameRange     '0.1.20130516',
139 silly addNameRange     '0.1.20130615',
139 silly addNameRange     '0.2.0',
139 silly addNameRange     '0.2.20130718',
139 silly addNameRange     '0.2.20130806',
139 silly addNameRange     '0.3.0',
139 silly addNameRange     '0.3.1',
139 silly addNameRange     '0.4.0',
139 silly addNameRange     '0.4.1',
139 silly addNameRange     '0.4.2',
139 silly addNameRange     '0.5.0',
139 silly addNameRange     '0.6.0',
139 silly addNameRange     '0.6.1',
139 silly addNameRange     '0.6.2',
139 silly addNameRange     '0.6.3',
139 silly addNameRange     '0.6.4',
139 silly addNameRange     '0.6.5',
139 silly addNameRange     '0.7.0',
139 silly addNameRange     '0.7.1',
139 silly addNameRange     '0.7.2',
139 silly addNameRange     '0.7.3',
139 silly addNameRange     '0.7.4',
139 silly addNameRange     '0.7.5',
139 silly addNameRange     '0.7.6',
139 silly addNameRange     '0.8.0',
139 silly addNameRange     '0.8.1',
139 silly addNameRange     '0.8.2',
139 silly addNameRange     '1.0.0',
139 silly addNameRange     '1.0.1',
139 silly addNameRange     '2.0.0',
139 silly addNameRange     '2.1.0',
139 silly addNameRange     '2.2.0' ] ]
140 silly lockFile c1d1e518-grunt-autoprefixer-2-2-3 grunt-autoprefixer@^2.2.3
141 silly lockFile c1d1e518-grunt-autoprefixer-2-2-3 grunt-autoprefixer@^2.2.3
142 info retry fetch attempt 1 at 00:28:37
143 verbose fetch to= C:\Users\Tyler\AppData\Local\Temp\npm-5544-5i8hEGrD\registry.npmjs.org\grunt-contrib-compass\-\grunt-contrib-compass-1.0.1.tgz
144 silly lockFile 706ac169-rrent-grunt-concurrent-1-0-0-tgz https://registry.npmjs.org/grunt-concurrent/-/grunt-concurrent-1.0.0.tgz
145 verbose lock https://registry.npmjs.org/grunt-concurrent/-/grunt-concurrent-1.0.0.tgz C:\Users\Tyler\AppData\Roaming\npm-cache\706ac169-rrent-grunt-concurrent-1-0-0-tgz.lock
146 http GET https://registry.npmjs.org/grunt-contrib-compass/-/grunt-contrib-compass-1.0.1.tgz
147 verbose addRemoteTarball [ 'https://registry.npmjs.org/grunt-concurrent/-/grunt-concurrent-1.0.0.tgz',
147 verbose addRemoteTarball   '715f66ec7815a1ff33fd46105e0ce1242f9e7fee' ]
148 silly addNameRange number 2 { name: 'grunt-contrib-clean',
148 silly addNameRange   range: '>=0.6.0-0 <0.7.0-0',
148 silly addNameRange   hasData: true }
149 silly addNameRange versions [ 'grunt-contrib-clean',
149 silly addNameRange   [ '0.1.0',
149 silly addNameRange     '0.2.0',
149 silly addNameRange     '0.3.0',
149 silly addNameRange     '0.3.1',
149 silly addNameRange     '0.3.2',
149 silly addNameRange     '0.4.0',
149 silly addNameRange     '0.4.1',
149 silly addNameRange     '0.5.0',
149 silly addNameRange     '0.6.0',
149 silly addNameRange     '0.4.0-a',
149 silly addNameRange     '0.4.0-rc5',
149 silly addNameRange     '0.4.0-rc6' ] ]
150 verbose addNamed [ 'grunt-contrib-clean', '0.6.0' ]
151 verbose addNamed [ '0.6.0', '0.6.0' ]
152 silly lockFile 0a668ef6-grunt-contrib-clean-0-6-0 grunt-contrib-clean@0.6.0
153 verbose lock grunt-contrib-clean@0.6.0 C:\Users\Tyler\AppData\Roaming\npm-cache\0a668ef6-grunt-contrib-clean-0-6-0.lock
154 info retry fetch attempt 1 at 00:28:37
155 verbose fetch to= C:\Users\Tyler\AppData\Local\Temp\npm-5544-5i8hEGrD\registry.npmjs.org\grunt-concurrent\-\grunt-concurrent-1.0.0.tgz
156 silly lockFile a195317b-an-grunt-contrib-clean-0-6-0-tgz https://registry.npmjs.org/grunt-contrib-clean/-/grunt-contrib-clean-0.6.0.tgz
157 verbose lock https://registry.npmjs.org/grunt-contrib-clean/-/grunt-contrib-clean-0.6.0.tgz C:\Users\Tyler\AppData\Roaming\npm-cache\a195317b-an-grunt-contrib-clean-0-6-0-tgz.lock
158 http GET https://registry.npmjs.org/grunt-concurrent/-/grunt-concurrent-1.0.0.tgz
159 verbose addRemoteTarball [ 'https://registry.npmjs.org/grunt-contrib-clean/-/grunt-contrib-clean-0.6.0.tgz',
159 verbose addRemoteTarball   'f532dba4b8212674c7c013e146bda6638b9048f6' ]
160 info retry fetch attempt 1 at 00:28:37
161 verbose fetch to= C:\Users\Tyler\AppData\Local\Temp\npm-5544-5i8hEGrD\registry.npmjs.org\grunt-contrib-clean\-\grunt-contrib-clean-0.6.0.tgz
162 http GET https://registry.npmjs.org/grunt-contrib-clean/-/grunt-contrib-clean-0.6.0.tgz
163 http 200 https://registry.npmjs.org/grunt-contrib-compass/-/grunt-contrib-compass-1.0.1.tgz
164 silly lockFile a0bdebd4--grunt-contrib-compass-1-0-1-tgz https://registry.npmjs.org/grunt-contrib-compass/-/grunt-contrib-compass-1.0.1.tgz
165 silly lockFile a0bdebd4--grunt-contrib-compass-1-0-1-tgz https://registry.npmjs.org/grunt-contrib-compass/-/grunt-contrib-compass-1.0.1.tgz
166 silly lockFile bc13c7dc-grunt-contrib-compass-1-0-1 grunt-contrib-compass@1.0.1
167 silly lockFile bc13c7dc-grunt-contrib-compass-1-0-1 grunt-contrib-compass@1.0.1
168 silly lockFile 18371fbf-grunt-contrib-compass-1-0-1 grunt-contrib-compass@^1.0.1
169 silly lockFile 18371fbf-grunt-contrib-compass-1-0-1 grunt-contrib-compass@^1.0.1
170 http 200 https://registry.npmjs.org/grunt-concurrent/-/grunt-concurrent-1.0.0.tgz
171 http 200 https://registry.npmjs.org/grunt-contrib-clean/-/grunt-contrib-clean-0.6.0.tgz
172 silly lockFile 706ac169-rrent-grunt-concurrent-1-0-0-tgz https://registry.npmjs.org/grunt-concurrent/-/grunt-concurrent-1.0.0.tgz
173 silly lockFile 706ac169-rrent-grunt-concurrent-1-0-0-tgz https://registry.npmjs.org/grunt-concurrent/-/grunt-concurrent-1.0.0.tgz
174 silly lockFile 1e3f43e3-grunt-concurrent-1-0-0 grunt-concurrent@1.0.0
175 silly lockFile 1e3f43e3-grunt-concurrent-1-0-0 grunt-concurrent@1.0.0
176 silly lockFile e5d6a4fb-grunt-concurrent-1-0-0 grunt-concurrent@^1.0.0
177 silly lockFile e5d6a4fb-grunt-concurrent-1-0-0 grunt-concurrent@^1.0.0
178 silly lockFile a195317b-an-grunt-contrib-clean-0-6-0-tgz https://registry.npmjs.org/grunt-contrib-clean/-/grunt-contrib-clean-0.6.0.tgz
179 silly lockFile a195317b-an-grunt-contrib-clean-0-6-0-tgz https://registry.npmjs.org/grunt-contrib-clean/-/grunt-contrib-clean-0.6.0.tgz
180 silly lockFile 0a668ef6-grunt-contrib-clean-0-6-0 grunt-contrib-clean@0.6.0
181 silly lockFile 0a668ef6-grunt-contrib-clean-0-6-0 grunt-contrib-clean@0.6.0
182 silly lockFile ca39a60f-grunt-contrib-clean-0-6-0 grunt-contrib-clean@^0.6.0
183 silly lockFile ca39a60f-grunt-contrib-clean-0-6-0 grunt-contrib-clean@^0.6.0
184 error notarget No compatible version found: grunt-autoprefixer@'>=2.2.3-0 <3.0.0-0'
184 error notarget Valid install targets:
184 error notarget ["0.1.0","0.1.20130424","0.1.20130516","0.1.20130615","0.2.0","0.2.20130718","0.2.20130806","0.3.0","0.3.1","0.4.0","0.4.1","0.4.2","0.5.0","0.6.0","0.6.1","0.6.2","0.6.3","0.6.4","0.6.5","0.7.0","0.7.1","0.7.2","0.7.3","0.7.4","0.7.5","0.7.6","0.8.0","0.8.1","0.8.2","1.0.0","1.0.1","2.0.0","2.1.0","2.2.0"]
184 error notarget
184 error notarget This is most likely not a problem with npm itself.
184 error notarget In most cases you or one of your dependencies are requesting
184 error notarget a package version that doesn't exist.
185 error System Windows_NT 6.2.9200
186 error command "C:\\Program Files\\nodejs\\\\node.exe" "C:\\Program Files\\nodejs\\node_modules\\npm\\bin\\npm-cli.js" "install"
187 error cwd C:\Users\Tyler\Workspace\gu_energy_dashboard\client
188 error node -v v0.10.33
189 error npm -v 1.4.28
190 error code ETARGET
191 verbose exit [ 1, true ]
